This file contains any messages produced by compilers while
running configure, to aid debugging if configure makes a mistake.

It was created by FULL-PACKAGE-NAME configure VERSION, which was
generated by GNU Autoconf 2.65.  Invocation command line was

  $ ./configure --prefix=/home/mc/crad --host=arm-linux host_alias=arm-linux CFLAGS=-I/home/mc/crad/include LDFLAGS=-L/home/mc/crad/lib LIBS=/home/mc/crad/lib/libchumbhttpd.a --no-create --no-recursion

## --------- ##
## Platform. ##
## --------- ##

hostname = SRVACQ
uname -m = i686
uname -r = 2.6.32-23-generic
uname -s = Linux
uname -v = #37-Ubuntu SMP Fri Jun 11 07:54:58 UTC 2010

/usr/bin/uname -p = unknown
/bin/uname -X     = unknown

/bin/arch              = unknown
/usr/bin/arch -k       = unknown
/usr/convex/getsysinfo = unknown
/usr/bin/hostinfo      = unknown
/bin/machine           = unknown
/usr/bin/oslevel       = unknown
/bin/universe          = unknown

PATH: /usr/local/sbin
PATH: /usr/local/bin
PATH: /usr/sbin
PATH: /usr/bin
PATH: /sbin
PATH: /bin
PATH: /usr/games


## ----------- ##
## Core tests. ##
## ----------- ##

configure:2145: checking for a BSD-compatible install
configure:2213: result: /usr/bin/install -c
configure:2224: checking whether build environment is sane
configure:2274: result: yes
configure:2302: WARNING: `missing' script is too old or missing
configure:2323: checking for arm-linux-strip
configure:2339: found /usr/bin/arm-linux-strip
configure:2350: result: arm-linux-strip
configure:2415: checking for a thread-safe mkdir -p
configure:2454: result: /bin/mkdir -p
configure:2467: checking for gawk
configure:2483: found /usr/bin/gawk
configure:2494: result: gawk
configure:2505: checking whether make sets $(MAKE)
configure:2527: result: yes
configure:2609: checking whether to enable maintainer-specific portions of Makefiles
configure:2618: result: no
configure:2636: checking build system type
configure:2650: result: i686-pc-linux-gnu
configure:2670: checking host system type
configure:2683: result: arm-unknown-linux-gnu
configure:2711: checking for arm-linux-gcc
configure:2727: found /usr/bin/arm-linux-gcc
configure:2738: result: arm-linux-gcc
configure:3007: checking for C compiler version
configure:3016: arm-linux-gcc --version >&5
arm-linux-gcc (Sourcery G++ Lite 2008q3-72) 4.3.2
Copyright (C) 2008 Free Software Foundation, Inc.
This is free software; see the source for copying conditions.  There is NO
warranty; not even for MERCHANTABILITY or FITNESS FOR A PARTICULAR PURPOSE.

configure:3027: $? = 0
configure:3016: arm-linux-gcc -v >&5
Using built-in specs.
Target: arm-none-linux-gnueabi
Configured with: /scratch/julian/lite-respin/linux/src/gcc-4.3/configure --build=i686-pc-linux-gnu --host=i686-pc-linux-gnu --target=arm-none-linux-gnueabi --enable-threads --disable-libmudflap --disable-libssp --disable-libstdcxx-pch --with-gnu-as --with-gnu-ld --enable-languages=c,c++ --enable-shared --enable-symvers=gnu --enable-__cxa_atexit --with-pkgversion='Sourcery G++ Lite 2008q3-72' --with-bugurl=https://support.codesourcery.com/GNUToolchain/ --disable-nls --prefix=/opt/codesourcery --with-sysroot=/opt/codesourcery/arm-none-linux-gnueabi/libc --with-build-sysroot=/scratch/julian/lite-respin/linux/install/arm-none-linux-gnueabi/libc --with-gmp=/scratch/julian/lite-respin/linux/obj/host-libs-2008q3-72-arm-none-linux-gnueabi-i686-pc-linux-gnu/usr --with-mpfr=/scratch/julian/lite-respin/linux/obj/host-libs-2008q3-72-arm-none-linux-gnueabi-i686-pc-linux-gnu/usr --disable-libgomp --enable-poison-system-directories --with-build-time-tools=/scratch/julian/lite-respin/linux/install/arm-none-linux-gnueabi/bin --with-build-time-tools=/scratch/julian/lite-respin/linux/install/arm-none-linux-gnueabi/bin
Thread model: posix
gcc version 4.3.2 (Sourcery G++ Lite 2008q3-72) 
configure:3027: $? = 0
configure:3016: arm-linux-gcc -V >&5
arm-linux-gcc: '-V' option must have argument
configure:3027: $? = 1
configure:3016: arm-linux-gcc -qversion >&5
arm-linux-gcc: unrecognized option '-qversion'
arm-linux-gcc: no input files
configure:3027: $? = 1
configure:3047: checking whether the C compiler works
configure:3069: arm-linux-gcc -I/home/mc/crad/include  -L/home/mc/crad/lib conftest.c /home/mc/crad/lib/libchumbhttpd.a >&5
configure:3073: $? = 0
configure:3122: result: yes
configure:3125: checking for C compiler default output file name
configure:3127: result: a.out
configure:3133: checking for suffix of executables
configure:3140: arm-linux-gcc -o conftest -I/home/mc/crad/include  -L/home/mc/crad/lib conftest.c /home/mc/crad/lib/libchumbhttpd.a >&5
configure:3144: $? = 0
configure:3166: result: 
configure:3188: checking whether we are cross compiling
configure:3196: arm-linux-gcc -o conftest -I/home/mc/crad/include  -L/home/mc/crad/lib conftest.c /home/mc/crad/lib/libchumbhttpd.a >&5
configure:3200: $? = 0
configure:3207: ./conftest
./configure: line 3209: ./conftest: cannot execute binary file
configure:3211: $? = 126
configure:3226: result: yes
configure:3231: checking for suffix of object files
configure:3253: arm-linux-gcc -c -I/home/mc/crad/include  conftest.c >&5
configure:3257: $? = 0
configure:3278: result: o
configure:3282: checking whether we are using the GNU C compiler
configure:3301: arm-linux-gcc -c -I/home/mc/crad/include  conftest.c >&5
configure:3301: $? = 0
configure:3310: result: yes
configure:3319: checking whether arm-linux-gcc accepts -g
configure:3339: arm-linux-gcc -c -g  conftest.c >&5
configure:3339: $? = 0
configure:3380: result: yes
configure:3397: checking for arm-linux-gcc option to accept ISO C89
configure:3461: arm-linux-gcc  -c -I/home/mc/crad/include  conftest.c >&5
configure:3461: $? = 0
configure:3474: result: none needed
configure:3505: checking for style of include used by make
configure:3533: result: GNU
configure:3558: checking dependency style of arm-linux-gcc
configure:3668: result: gcc3
configure:3697: checking for arm-linux-g++
configure:3713: found /usr/bin/arm-linux-g++
configure:3724: result: arm-linux-g++
configure:3795: checking for C++ compiler version
configure:3804: arm-linux-g++ --version >&5
arm-linux-g++ (Sourcery G++ Lite 2008q3-72) 4.3.2
Copyright (C) 2008 Free Software Foundation, Inc.
This is free software; see the source for copying conditions.  There is NO
warranty; not even for MERCHANTABILITY or FITNESS FOR A PARTICULAR PURPOSE.

configure:3815: $? = 0
configure:3804: arm-linux-g++ -v >&5
Using built-in specs.
Target: arm-none-linux-gnueabi
Configured with: /scratch/julian/lite-respin/linux/src/gcc-4.3/configure --build=i686-pc-linux-gnu --host=i686-pc-linux-gnu --target=arm-none-linux-gnueabi --enable-threads --disable-libmudflap --disable-libssp --disable-libstdcxx-pch --with-gnu-as --with-gnu-ld --enable-languages=c,c++ --enable-shared --enable-symvers=gnu --enable-__cxa_atexit --with-pkgversion='Sourcery G++ Lite 2008q3-72' --with-bugurl=https://support.codesourcery.com/GNUToolchain/ --disable-nls --prefix=/opt/codesourcery --with-sysroot=/opt/codesourcery/arm-none-linux-gnueabi/libc --with-build-sysroot=/scratch/julian/lite-respin/linux/install/arm-none-linux-gnueabi/libc --with-gmp=/scratch/julian/lite-respin/linux/obj/host-libs-2008q3-72-arm-none-linux-gnueabi-i686-pc-linux-gnu/usr --with-mpfr=/scratch/julian/lite-respin/linux/obj/host-libs-2008q3-72-arm-none-linux-gnueabi-i686-pc-linux-gnu/usr --disable-libgomp --enable-poison-system-directories --with-build-time-tools=/scratch/julian/lite-respin/linux/install/arm-none-linux-gnueabi/bin --with-build-time-tools=/scratch/julian/lite-respin/linux/install/arm-none-linux-gnueabi/bin
Thread model: posix
gcc version 4.3.2 (Sourcery G++ Lite 2008q3-72) 
configure:3815: $? = 0
configure:3804: arm-linux-g++ -V >&5
arm-linux-g++: '-V' option must have argument
configure:3815: $? = 1
configure:3804: arm-linux-g++ -qversion >&5
arm-linux-g++: unrecognized option '-qversion'
arm-linux-g++: no input files
configure:3815: $? = 1
configure:3819: checking whether we are using the GNU C++ compiler
configure:3838: arm-linux-g++ -c   conftest.cpp >&5
configure:3838: $? = 0
configure:3847: result: yes
configure:3856: checking whether arm-linux-g++ accepts -g
configure:3876: arm-linux-g++ -c -g  conftest.cpp >&5
configure:3876: $? = 0
configure:3917: result: yes
configure:3942: checking dependency style of arm-linux-g++
configure:4052: result: gcc3
configure:4072: checking how to run the C++ preprocessor
configure:4099: arm-linux-g++ -E  conftest.cpp
configure:4099: $? = 0
configure:4113: arm-linux-g++ -E  conftest.cpp
conftest.cpp:11:28: error: ac_nonexistent.h: No such file or directory
configure:4113: $? = 1
configure: failed program was:
| /* confdefs.h */
| #define PACKAGE_NAME "FULL-PACKAGE-NAME"
| #define PACKAGE_TARNAME "full-package-name"
| #define PACKAGE_VERSION "VERSION"
| #define PACKAGE_STRING "FULL-PACKAGE-NAME VERSION"
| #define PACKAGE_BUGREPORT "BUG-REPORT-ADDRESS"
| #define PACKAGE_URL ""
| #define PACKAGE ""
| #define VERSION ""
| /* end confdefs.h.  */
| #include <ac_nonexistent.h>
configure:4138: result: arm-linux-g++ -E
configure:4158: arm-linux-g++ -E  conftest.cpp
configure:4158: $? = 0
configure:4172: arm-linux-g++ -E  conftest.cpp
conftest.cpp:11:28: error: ac_nonexistent.h: No such file or directory
configure:4172: $? = 1
configure: failed program was:
| /* confdefs.h */
| #define PACKAGE_NAME "FULL-PACKAGE-NAME"
| #define PACKAGE_TARNAME "full-package-name"
| #define PACKAGE_VERSION "VERSION"
| #define PACKAGE_STRING "FULL-PACKAGE-NAME VERSION"
| #define PACKAGE_BUGREPORT "BUG-REPORT-ADDRESS"
| #define PACKAGE_URL ""
| #define PACKAGE ""
| #define VERSION ""
| /* end confdefs.h.  */
| #include <ac_nonexistent.h>
configure:4207: checking how to run the C preprocessor
configure:4238: arm-linux-gcc -E  conftest.c
configure:4238: $? = 0
configure:4252: arm-linux-gcc -E  conftest.c
conftest.c:11:28: error: ac_nonexistent.h: No such file or directory
configure:4252: $? = 1
configure: failed program was:
| /* confdefs.h */
| #define PACKAGE_NAME "FULL-PACKAGE-NAME"
| #define PACKAGE_TARNAME "full-package-name"
| #define PACKAGE_VERSION "VERSION"
| #define PACKAGE_STRING "FULL-PACKAGE-NAME VERSION"
| #define PACKAGE_BUGREPORT "BUG-REPORT-ADDRESS"
| #define PACKAGE_URL ""
| #define PACKAGE ""
| #define VERSION ""
| /* end confdefs.h.  */
| #include <ac_nonexistent.h>
configure:4277: result: arm-linux-gcc -E
configure:4297: arm-linux-gcc -E  conftest.c
configure:4297: $? = 0
configure:4311: arm-linux-gcc -E  conftest.c
conftest.c:11:28: error: ac_nonexistent.h: No such file or directory
configure:4311: $? = 1
configure: failed program was:
| /* confdefs.h */
| #define PACKAGE_NAME "FULL-PACKAGE-NAME"
| #define PACKAGE_TARNAME "full-package-name"
| #define PACKAGE_VERSION "VERSION"
| #define PACKAGE_STRING "FULL-PACKAGE-NAME VERSION"
| #define PACKAGE_BUGREPORT "BUG-REPORT-ADDRESS"
| #define PACKAGE_URL ""
| #define PACKAGE ""
| #define VERSION ""
| /* end confdefs.h.  */
| #include <ac_nonexistent.h>
configure:4340: checking for grep that handles long lines and -e
configure:4398: result: /bin/grep
configure:4403: checking for egrep
configure:4465: result: /bin/grep -E
configure:4470: checking for ANSI C header files
configure:4490: arm-linux-gcc -c -I/home/mc/crad/include  conftest.c >&5
configure:4490: $? = 0
configure:4574: result: yes
configure:4587: checking for sys/types.h
configure:4587: arm-linux-gcc -c -I/home/mc/crad/include  conftest.c >&5
configure:4587: $? = 0
configure:4587: result: yes
configure:4587: checking for sys/stat.h
configure:4587: arm-linux-gcc -c -I/home/mc/crad/include  conftest.c >&5
configure:4587: $? = 0
configure:4587: result: yes
configure:4587: checking for stdlib.h
configure:4587: arm-linux-gcc -c -I/home/mc/crad/include  conftest.c >&5
configure:4587: $? = 0
configure:4587: result: yes
configure:4587: checking for string.h
configure:4587: arm-linux-gcc -c -I/home/mc/crad/include  conftest.c >&5
configure:4587: $? = 0
configure:4587: result: yes
configure:4587: checking for memory.h
configure:4587: arm-linux-gcc -c -I/home/mc/crad/include  conftest.c >&5
configure:4587: $? = 0
configure:4587: result: yes
configure:4587: checking for strings.h
configure:4587: arm-linux-gcc -c -I/home/mc/crad/include  conftest.c >&5
configure:4587: $? = 0
configure:4587: result: yes
configure:4587: checking for inttypes.h
configure:4587: arm-linux-gcc -c -I/home/mc/crad/include  conftest.c >&5
configure:4587: $? = 0
configure:4587: result: yes
configure:4587: checking for stdint.h
configure:4587: arm-linux-gcc -c -I/home/mc/crad/include  conftest.c >&5
configure:4587: $? = 0
configure:4587: result: yes
configure:4587: checking for unistd.h
configure:4587: arm-linux-gcc -c -I/home/mc/crad/include  conftest.c >&5
configure:4587: $? = 0
configure:4587: result: yes
configure:4600: checking whether byte ordering is bigendian
configure:4615: arm-linux-gcc -c -I/home/mc/crad/include  conftest.c >&5
conftest.c:22: error: expected '=', ',', ';', 'asm' or '__attribute__' before 'a'
configure:4615: $? = 1
configure: failed program was:
| /* confdefs.h */
| #define PACKAGE_NAME "FULL-PACKAGE-NAME"
| #define PACKAGE_TARNAME "full-package-name"
| #define PACKAGE_VERSION "VERSION"
| #define PACKAGE_STRING "FULL-PACKAGE-NAME VERSION"
| #define PACKAGE_BUGREPORT "BUG-REPORT-ADDRESS"
| #define PACKAGE_URL ""
| #define PACKAGE ""
| #define VERSION ""
| #define STDC_HEADERS 1
| #define HAVE_SYS_TYPES_H 1
| #define HAVE_SYS_STAT_H 1
| #define HAVE_STDLIB_H 1
| #define HAVE_STRING_H 1
| #define HAVE_MEMORY_H 1
| #define HAVE_STRINGS_H 1
| #define HAVE_INTTYPES_H 1
| #define HAVE_STDINT_H 1
| #define HAVE_UNISTD_H 1
| /* end confdefs.h.  */
| #ifndef __APPLE_CC__
| 	       not a universal capable compiler
| 	     #endif
| 	     typedef int dummy;
| 
configure:4660: arm-linux-gcc -c -I/home/mc/crad/include  conftest.c >&5
configure:4660: $? = 0
configure:4678: arm-linux-gcc -c -I/home/mc/crad/include  conftest.c >&5
conftest.c: In function 'main':
conftest.c:28: error: 'not' undeclared (first use in this function)
conftest.c:28: error: (Each undeclared identifier is reported only once
conftest.c:28: error: for each function it appears in.)
conftest.c:28: error: expected ';' before 'big'
configure:4678: $? = 1
configure: failed program was:
| /* confdefs.h */
| #define PACKAGE_NAME "FULL-PACKAGE-NAME"
| #define PACKAGE_TARNAME "full-package-name"
| #define PACKAGE_VERSION "VERSION"
| #define PACKAGE_STRING "FULL-PACKAGE-NAME VERSION"
| #define PACKAGE_BUGREPORT "BUG-REPORT-ADDRESS"
| #define PACKAGE_URL ""
| #define PACKAGE ""
| #define VERSION ""
| #define STDC_HEADERS 1
| #define HAVE_SYS_TYPES_H 1
| #define HAVE_SYS_STAT_H 1
| #define HAVE_STDLIB_H 1
| #define HAVE_STRING_H 1
| #define HAVE_MEMORY_H 1
| #define HAVE_STRINGS_H 1
| #define HAVE_INTTYPES_H 1
| #define HAVE_STDINT_H 1
| #define HAVE_UNISTD_H 1
| /* end confdefs.h.  */
| #include <sys/types.h>
| 		#include <sys/param.h>
| 
| int
| main ()
| {
| #if BYTE_ORDER != BIG_ENDIAN
| 		 not big endian
| 		#endif
| 
|   ;
|   return 0;
| }
configure:4806: result: no
configure:4938: checking for C++ compiler version
configure:4947: arm-linux-g++ --version >&5
arm-linux-g++ (Sourcery G++ Lite 2008q3-72) 4.3.2
Copyright (C) 2008 Free Software Foundation, Inc.
This is free software; see the source for copying conditions.  There is NO
warranty; not even for MERCHANTABILITY or FITNESS FOR A PARTICULAR PURPOSE.

configure:4958: $? = 0
configure:4947: arm-linux-g++ -v >&5
Using built-in specs.
Target: arm-none-linux-gnueabi
Configured with: /scratch/julian/lite-respin/linux/src/gcc-4.3/configure --build=i686-pc-linux-gnu --host=i686-pc-linux-gnu --target=arm-none-linux-gnueabi --enable-threads --disable-libmudflap --disable-libssp --disable-libstdcxx-pch --with-gnu-as --with-gnu-ld --enable-languages=c,c++ --enable-shared --enable-symvers=gnu --enable-__cxa_atexit --with-pkgversion='Sourcery G++ Lite 2008q3-72' --with-bugurl=https://support.codesourcery.com/GNUToolchain/ --disable-nls --prefix=/opt/codesourcery --with-sysroot=/opt/codesourcery/arm-none-linux-gnueabi/libc --with-build-sysroot=/scratch/julian/lite-respin/linux/install/arm-none-linux-gnueabi/libc --with-gmp=/scratch/julian/lite-respin/linux/obj/host-libs-2008q3-72-arm-none-linux-gnueabi-i686-pc-linux-gnu/usr --with-mpfr=/scratch/julian/lite-respin/linux/obj/host-libs-2008q3-72-arm-none-linux-gnueabi-i686-pc-linux-gnu/usr --disable-libgomp --enable-poison-system-directories --with-build-time-tools=/scratch/julian/lite-respin/linux/install/arm-none-linux-gnueabi/bin --with-build-time-tools=/scratch/julian/lite-respin/linux/install/arm-none-linux-gnueabi/bin
Thread model: posix
gcc version 4.3.2 (Sourcery G++ Lite 2008q3-72) 
configure:4958: $? = 0
configure:4947: arm-linux-g++ -V >&5
arm-linux-g++: '-V' option must have argument
configure:4958: $? = 1
configure:4947: arm-linux-g++ -qversion >&5
arm-linux-g++: unrecognized option '-qversion'
arm-linux-g++: no input files
configure:4958: $? = 1
configure:4962: checking whether we are using the GNU C++ compiler
configure:4990: result: yes
configure:4999: checking whether arm-linux-g++ accepts -g
configure:5060: result: yes
configure:5085: checking dependency style of arm-linux-g++
configure:5195: result: gcc3
configure:5211: checking for ANSI C header files
configure:5315: result: yes
configure:5326: checking for sys/stat.h
configure:5326: result: yes
configure:5326: checking chumby_httpd/chumby_http_server.h usability
configure:5326: arm-linux-gcc -c -I/home/mc/crad/include  conftest.c >&5
In file included from conftest.c:56:
/home/mc/crad/include/chumby_httpd/chumby_http_server.h:25:18: error: string: No such file or directory
In file included from /home/mc/crad/include/chumby_httpd/chumby_http_server.h:27,
                 from conftest.c:56:
/home/mc/crad/include/chumby_httpd/chumby_http_content_manager.h:25:16: error: list: No such file or directory
In file included from /home/mc/crad/include/chumby_httpd/chumby_http_content_manager.h:26,
                 from /home/mc/crad/include/chumby_httpd/chumby_http_server.h:27,
                 from conftest.c:56:
/home/mc/crad/include/chumby_httpd/chumby_http_request.h:26:15: error: map: No such file or directory
In file included from /home/mc/crad/include/chumby_httpd/chumby_http_content_manager.h:26,
                 from /home/mc/crad/include/chumby_httpd/chumby_http_server.h:27,
                 from conftest.c:56:
/home/mc/crad/include/chumby_httpd/chumby_http_request.h:28: error: expected '=', ',', ';', 'asm' or '__attribute__' before 'chumby'
In file included from /home/mc/crad/include/chumby_httpd/chumby_http_content_handler.h:26,
                 from /home/mc/crad/include/chumby_httpd/chumby_http_content_manager.h:27,
                 from /home/mc/crad/include/chumby_httpd/chumby_http_server.h:27,
                 from conftest.c:56:
/home/mc/crad/include/chumby_httpd/chumby_http_response.h:28: error: expected '=', ',', ';', 'asm' or '__attribute__' before 'chumby'
In file included from /home/mc/crad/include/chumby_httpd/chumby_http_content_manager.h:27,
                 from /home/mc/crad/include/chumby_httpd/chumby_http_server.h:27,
                 from conftest.c:56:
/home/mc/crad/include/chumby_httpd/chumby_http_content_handler.h:28: error: expected '=', ',', ';', 'asm' or '__attribute__' before 'chumby'
In file included from /home/mc/crad/include/chumby_httpd/chumby_http_server.h:27,
                 from conftest.c:56:
/home/mc/crad/include/chumby_httpd/chumby_http_content_manager.h:30: error: expected '=', ',', ';', 'asm' or '__attribute__' before 'chumby'
In file included from conftest.c:56:
/home/mc/crad/include/chumby_httpd/chumby_http_server.h:29: error: expected '=', ',', ';', 'asm' or '__attribute__' before 'chumby'
configure:5326: $? = 1
configure: failed program was:
| /* confdefs.h */
| #define PACKAGE_NAME "FULL-PACKAGE-NAME"
| #define PACKAGE_TARNAME "full-package-name"
| #define PACKAGE_VERSION "VERSION"
| #define PACKAGE_STRING "FULL-PACKAGE-NAME VERSION"
| #define PACKAGE_BUGREPORT "BUG-REPORT-ADDRESS"
| #define PACKAGE_URL ""
| #define PACKAGE ""
| #define VERSION ""
| #define STDC_HEADERS 1
| #define HAVE_SYS_TYPES_H 1
| #define HAVE_SYS_STAT_H 1
| #define HAVE_STDLIB_H 1
| #define HAVE_STRING_H 1
| #define HAVE_MEMORY_H 1
| #define HAVE_STRINGS_H 1
| #define HAVE_INTTYPES_H 1
| #define HAVE_STDINT_H 1
| #define HAVE_UNISTD_H 1
| #define STDC_HEADERS 1
| #define HAVE_SYS_STAT_H 1
| /* end confdefs.h.  */
| #include <stdio.h>
| #ifdef HAVE_SYS_TYPES_H
| # include <sys/types.h>
| #endif
| #ifdef HAVE_SYS_STAT_H
| # include <sys/stat.h>
| #endif
| #ifdef STDC_HEADERS
| # include <stdlib.h>
| # include <stddef.h>
| #else
| # ifdef HAVE_STDLIB_H
| #  include <stdlib.h>
| # endif
| #endif
| #ifdef HAVE_STRING_H
| # if !defined STDC_HEADERS && defined HAVE_MEMORY_H
| #  include <memory.h>
| # endif
| # include <string.h>
| #endif
| #ifdef HAVE_STRINGS_H
| # include <strings.h>
| #endif
| #ifdef HAVE_INTTYPES_H
| # include <inttypes.h>
| #endif
| #ifdef HAVE_STDINT_H
| # include <stdint.h>
| #endif
| #ifdef HAVE_UNISTD_H
| # include <unistd.h>
| #endif
| #include <chumby_httpd/chumby_http_server.h>
configure:5326: result: no
configure:5326: checking chumby_httpd/chumby_http_server.h presence
configure:5326: arm-linux-gcc -E  conftest.c
conftest.c:23:45: error: chumby_httpd/chumby_http_server.h: No such file or directory
configure:5326: $? = 1
configure: failed program was:
| /* confdefs.h */
| #define PACKAGE_NAME "FULL-PACKAGE-NAME"
| #define PACKAGE_TARNAME "full-package-name"
| #define PACKAGE_VERSION "VERSION"
| #define PACKAGE_STRING "FULL-PACKAGE-NAME VERSION"
| #define PACKAGE_BUGREPORT "BUG-REPORT-ADDRESS"
| #define PACKAGE_URL ""
| #define PACKAGE ""
| #define VERSION ""
| #define STDC_HEADERS 1
| #define HAVE_SYS_TYPES_H 1
| #define HAVE_SYS_STAT_H 1
| #define HAVE_STDLIB_H 1
| #define HAVE_STRING_H 1
| #define HAVE_MEMORY_H 1
| #define HAVE_STRINGS_H 1
| #define HAVE_INTTYPES_H 1
| #define HAVE_STDINT_H 1
| #define HAVE_UNISTD_H 1
| #define STDC_HEADERS 1
| #define HAVE_SYS_STAT_H 1
| /* end confdefs.h.  */
| #include <chumby_httpd/chumby_http_server.h>
configure:5326: result: no
configure:5326: checking for chumby_httpd/chumby_http_server.h
configure:5326: result: no
configure:5355: checking for an ANSI C-conforming const
configure:5420: arm-linux-gcc -c -I/home/mc/crad/include  conftest.c >&5
configure:5420: $? = 0
configure:5427: result: yes
configure:5571: creating ./config.status

## ---------------- ##
## Cache variables. ##
## ---------------- ##

ac_cv_build=i686-pc-linux-gnu
ac_cv_c_bigendian=no
ac_cv_c_compiler_gnu=yes
ac_cv_c_const=yes
ac_cv_cxx_compiler_gnu=yes
ac_cv_env_CCC_set=
ac_cv_env_CCC_value=
ac_cv_env_CC_set=
ac_cv_env_CC_value=
ac_cv_env_CFLAGS_set=set
ac_cv_env_CFLAGS_value=-I/home/mc/crad/include
ac_cv_env_CPPFLAGS_set=
ac_cv_env_CPPFLAGS_value=
ac_cv_env_CPP_set=
ac_cv_env_CPP_value=
ac_cv_env_CXXCPP_set=
ac_cv_env_CXXCPP_value=
ac_cv_env_CXXFLAGS_set=
ac_cv_env_CXXFLAGS_value=
ac_cv_env_CXX_set=
ac_cv_env_CXX_value=
ac_cv_env_LDFLAGS_set=set
ac_cv_env_LDFLAGS_value=-L/home/mc/crad/lib
ac_cv_env_LIBS_set=set
ac_cv_env_LIBS_value=/home/mc/crad/lib/libchumbhttpd.a
ac_cv_env_build_alias_set=
ac_cv_env_build_alias_value=
ac_cv_env_host_alias_set=set
ac_cv_env_host_alias_value=arm-linux
ac_cv_env_target_alias_set=
ac_cv_env_target_alias_value=
ac_cv_header_chumby_httpd_chumby_http_server_h=no
ac_cv_header_inttypes_h=yes
ac_cv_header_memory_h=yes
ac_cv_header_stdc=yes
ac_cv_header_stdint_h=yes
ac_cv_header_stdlib_h=yes
ac_cv_header_string_h=yes
ac_cv_header_strings_h=yes
ac_cv_header_sys_stat_h=yes
ac_cv_header_sys_types_h=yes
ac_cv_header_unistd_h=yes
ac_cv_host=arm-unknown-linux-gnu
ac_cv_objext=o
ac_cv_path_EGREP='/bin/grep -E'
ac_cv_path_GREP=/bin/grep
ac_cv_path_install='/usr/bin/install -c'
ac_cv_path_mkdir=/bin/mkdir
ac_cv_prog_AWK=gawk
ac_cv_prog_CC=arm-linux-gcc
ac_cv_prog_CPP='arm-linux-gcc -E'
ac_cv_prog_CXX=arm-linux-g++
ac_cv_prog_CXXCPP='arm-linux-g++ -E'
ac_cv_prog_STRIP=arm-linux-strip
ac_cv_prog_cc_c89=
ac_cv_prog_cc_g=yes
ac_cv_prog_cxx_g=yes
ac_cv_prog_make_make_set=yes
am_cv_CC_dependencies_compiler_type=gcc3
am_cv_CXX_dependencies_compiler_type=gcc3

## ----------------- ##
## Output variables. ##
## ----------------- ##

ACLOCAL='aclocal-1.11'
AMDEPBACKSLASH='\'
AMDEP_FALSE='#'
AMDEP_TRUE=''
AMTAR='tar'
AUTOCONF='autoconf'
AUTOHEADER='autoheader'
AUTOMAKE='automake-1.11'
AWK='gawk'
CC='arm-linux-gcc'
CCDEPMODE='depmode=gcc3'
CFLAGS='-I/home/mc/crad/include'
CPP='arm-linux-gcc -E'
CPPFLAGS=''
CXX='arm-linux-g++'
CXXCPP='arm-linux-g++ -E'
CXXDEPMODE='depmode=gcc3'
CXXFLAGS='-g -O2'
CYGPATH_W='echo'
DEFS='-DHAVE_CONFIG_H'
DEPDIR='.deps'
ECHO_C=''
ECHO_N='-n'
ECHO_T=''
EGREP='/bin/grep -E'
EXEEXT=''
GREP='/bin/grep'
INSTALL_DATA='${INSTALL} -m 644'
INSTALL_PROGRAM='${INSTALL}'
INSTALL_SCRIPT='${INSTALL}'
INSTALL_STRIP_PROGRAM='$(install_sh) -c -s'
LDFLAGS='-L/home/mc/crad/lib'
LIBOBJS=''
LIBS='/home/mc/crad/lib/libchumbhttpd.a'
LTLIBOBJS=''
MAINT='#'
MAINTAINER_MODE_FALSE=''
MAINTAINER_MODE_TRUE='#'
MAKEINFO='makeinfo'
MKDIR_P='/bin/mkdir -p'
OBJEXT='o'
PACKAGE=''
PACKAGE_BUGREPORT='BUG-REPORT-ADDRESS'
PACKAGE_NAME='FULL-PACKAGE-NAME'
PACKAGE_STRING='FULL-PACKAGE-NAME VERSION'
PACKAGE_TARNAME='full-package-name'
PACKAGE_URL=''
PACKAGE_VERSION='VERSION'
PATH_SEPARATOR=':'
SET_MAKE=''
SHELL='/bin/bash'
STRIP='arm-linux-strip'
VERSION=''
ac_ct_CC=''
ac_ct_CXX=''
am__EXEEXT_FALSE=''
am__EXEEXT_TRUE='#'
am__fastdepCC_FALSE='#'
am__fastdepCC_TRUE=''
am__fastdepCXX_FALSE='#'
am__fastdepCXX_TRUE=''
am__include='include'
am__isrc=''
am__leading_dot='.'
am__quote=''
am__tar='${AMTAR} chof - "$$tardir"'
am__untar='${AMTAR} xf -'
bindir='${exec_prefix}/bin'
build='i686-pc-linux-gnu'
build_alias=''
build_cpu='i686'
build_os='linux-gnu'
build_vendor='pc'
datadir='${datarootdir}'
datarootdir='${prefix}/share'
docdir='${datarootdir}/doc/${PACKAGE_TARNAME}'
dvidir='${docdir}'
exec_prefix='${prefix}'
host='arm-unknown-linux-gnu'
host_alias='arm-linux'
host_cpu='arm'
host_os='linux-gnu'
host_vendor='unknown'
htmldir='${docdir}'
includedir='${prefix}/include'
infodir='${datarootdir}/info'
install_sh='${SHELL} /home/mc/Chumby/chumbradiod/install-sh'
libdir='${exec_prefix}/lib'
libexecdir='${exec_prefix}/libexec'
localedir='${datarootdir}/locale'
localstatedir='${prefix}/var'
mandir='${datarootdir}/man'
mkdir_p='/bin/mkdir -p'
oldincludedir='/usr/include'
pdfdir='${docdir}'
prefix='/home/mc/crad'
program_transform_name='s,x,x,'
psdir='${docdir}'
sbindir='${exec_prefix}/sbin'
sharedstatedir='${prefix}/com'
sysconfdir='${prefix}/etc'
target_alias=''

## ----------- ##
## confdefs.h. ##
## ----------- ##

/* confdefs.h */
#define PACKAGE_NAME "FULL-PACKAGE-NAME"
#define PACKAGE_TARNAME "full-package-name"
#define PACKAGE_VERSION "VERSION"
#define PACKAGE_STRING "FULL-PACKAGE-NAME VERSION"
#define PACKAGE_BUGREPORT "BUG-REPORT-ADDRESS"
#define PACKAGE_URL ""
#define PACKAGE ""
#define VERSION ""
#define STDC_HEADERS 1
#define HAVE_SYS_TYPES_H 1
#define HAVE_SYS_STAT_H 1
#define HAVE_STDLIB_H 1
#define HAVE_STRING_H 1
#define HAVE_MEMORY_H 1
#define HAVE_STRINGS_H 1
#define HAVE_INTTYPES_H 1
#define HAVE_STDINT_H 1
#define HAVE_UNISTD_H 1
#define STDC_HEADERS 1
#define HAVE_SYS_STAT_H 1

configure: exit 0

## ---------------------- ##
## Running config.status. ##
## ---------------------- ##

This file was extended by FULL-PACKAGE-NAME config.status VERSION, which was
generated by GNU Autoconf 2.65.  Invocation command line was

  CONFIG_FILES    = 
  CONFIG_HEADERS  = 
  CONFIG_LINKS    = 
  CONFIG_COMMANDS = 
  $ ./config.status 

on SRVACQ

config.status:871: creating Makefile
config.status:871: creating src/Makefile
config.status:871: creating config.h
config.status:1091: executing depfiles commands
