This file contains any messages produced by compilers while
running configure, to aid debugging if configure makes a mistake.

It was created by libchumbhttpd configure 0.1, which was
generated by GNU Autoconf 2.63.  Invocation command line was

  $ ./configure --prefix=/home/mc/crad --host=arm-linux

## --------- ##
## Platform. ##
## --------- ##

hostname = zorglub21
uname -m = i686
uname -r = 2.6.28-18-generic
uname -s = Linux
uname -v = #60-Ubuntu SMP Fri Mar 12 04:40:52 UTC 2010

/usr/bin/uname -p = unknown
/bin/uname -X     = unknown

/bin/arch              = unknown
/usr/bin/arch -k       = unknown
/usr/convex/getsysinfo = unknown
/usr/bin/hostinfo      = unknown
/bin/machine           = unknown
/usr/bin/oslevel       = unknown
/bin/universe          = unknown

PATH: /usr/local/sbin
PATH: /usr/local/bin
PATH: /usr/sbin
PATH: /usr/bin
PATH: /sbin
PATH: /bin
PATH: /usr/games


## ----------- ##
## Core tests. ##
## ----------- ##

configure:2164: checking for a BSD-compatible install
configure:2232: result: /usr/bin/install -c
configure:2243: checking whether build environment is sane
configure:2286: result: yes
configure:2307: WARNING: `missing' script is too old or missing
configure:2348: checking for gawk
configure:2364: found /usr/bin/gawk
configure:2375: result: gawk
configure:2386: checking whether make sets $(MAKE)
configure:2408: result: yes
configure:2484: checking for arm-linux-strip
configure:2500: found /usr/bin/arm-linux-strip
configure:2511: result: arm-linux-strip
configure:2589: checking whether to enable maintainer-specific portions of Makefiles
configure:2598: result: no
configure:2620: checking build system type
configure:2638: result: i686-pc-linux-gnu
configure:2660: checking host system type
configure:2675: result: arm-unknown-linux-gnu
configure:2705: checking for arm-linux-gcc
configure:2721: found /usr/bin/arm-linux-gcc
configure:2732: result: arm-linux-gcc
configure:3004: checking for C compiler version
configure:3012: arm-linux-gcc --version >&5
arm-linux-gcc (Sourcery G++ Lite 2008q3-72) 4.3.2
Copyright (C) 2008 Free Software Foundation, Inc.
This is free software; see the source for copying conditions.  There is NO
warranty; not even for MERCHANTABILITY or FITNESS FOR A PARTICULAR PURPOSE.

configure:3016: $? = 0
configure:3023: arm-linux-gcc -v >&5
Using built-in specs.
Target: arm-none-linux-gnueabi
Configured with: /scratch/julian/lite-respin/linux/src/gcc-4.3/configure --build=i686-pc-linux-gnu --host=i686-pc-linux-gnu --target=arm-none-linux-gnueabi --enable-threads --disable-libmudflap --disable-libssp --disable-libstdcxx-pch --with-gnu-as --with-gnu-ld --enable-languages=c,c++ --enable-shared --enable-symvers=gnu --enable-__cxa_atexit --with-pkgversion='Sourcery G++ Lite 2008q3-72' --with-bugurl=https://support.codesourcery.com/GNUToolchain/ --disable-nls --prefix=/opt/codesourcery --with-sysroot=/opt/codesourcery/arm-none-linux-gnueabi/libc --with-build-sysroot=/scratch/julian/lite-respin/linux/install/arm-none-linux-gnueabi/libc --with-gmp=/scratch/julian/lite-respin/linux/obj/host-libs-2008q3-72-arm-none-linux-gnueabi-i686-pc-linux-gnu/usr --with-mpfr=/scratch/julian/lite-respin/linux/obj/host-libs-2008q3-72-arm-none-linux-gnueabi-i686-pc-linux-gnu/usr --disable-libgomp --enable-poison-system-directories --with-build-time-tools=/scratch/julian/lite-respin/linux/install/arm-none-linux-gnueabi/bin --with-build-time-tools=/scratch/julian/lite-respin/linux/install/arm-none-linux-gnueabi/bin
Thread model: posix
gcc version 4.3.2 (Sourcery G++ Lite 2008q3-72) 
configure:3027: $? = 0
configure:3034: arm-linux-gcc -V >&5
arm-linux-gcc: '-V' option must have argument
configure:3038: $? = 1
configure:3061: checking for C compiler default output file name
configure:3083: arm-linux-gcc    conftest.c  >&5
configure:3087: $? = 0
configure:3125: result: a.out
configure:3144: checking whether the C compiler works
configure:3154: ./a.out
./configure: line 3156: ./a.out: cannot execute binary file
configure:3158: $? = 126
configure:3177: result: yes
configure:3184: checking whether we are cross compiling
configure:3186: result: yes
configure:3189: checking for suffix of executables
configure:3196: arm-linux-gcc -o conftest    conftest.c  >&5
configure:3200: $? = 0
configure:3226: result: 
configure:3232: checking for suffix of object files
configure:3258: arm-linux-gcc -c   conftest.c >&5
configure:3262: $? = 0
configure:3287: result: o
configure:3291: checking whether we are using the GNU C compiler
configure:3320: arm-linux-gcc -c   conftest.c >&5
configure:3327: $? = 0
configure:3344: result: yes
configure:3353: checking whether arm-linux-gcc accepts -g
configure:3383: arm-linux-gcc -c -g  conftest.c >&5
configure:3390: $? = 0
configure:3491: result: yes
configure:3508: checking for arm-linux-gcc option to accept ISO C89
configure:3582: arm-linux-gcc  -c -g -O2  conftest.c >&5
configure:3589: $? = 0
configure:3612: result: none needed
configure:3641: checking for style of include used by make
configure:3669: result: GNU
configure:3697: checking dependency style of arm-linux-gcc
configure:3787: result: gcc3
configure:3818: checking for arm-linux-g++
configure:3834: found /usr/bin/arm-linux-g++
configure:3845: result: arm-linux-g++
configure:3916: checking for C++ compiler version
configure:3924: arm-linux-g++ --version >&5
arm-linux-g++ (Sourcery G++ Lite 2008q3-72) 4.3.2
Copyright (C) 2008 Free Software Foundation, Inc.
This is free software; see the source for copying conditions.  There is NO
warranty; not even for MERCHANTABILITY or FITNESS FOR A PARTICULAR PURPOSE.

configure:3928: $? = 0
configure:3935: arm-linux-g++ -v >&5
Using built-in specs.
Target: arm-none-linux-gnueabi
Configured with: /scratch/julian/lite-respin/linux/src/gcc-4.3/configure --build=i686-pc-linux-gnu --host=i686-pc-linux-gnu --target=arm-none-linux-gnueabi --enable-threads --disable-libmudflap --disable-libssp --disable-libstdcxx-pch --with-gnu-as --with-gnu-ld --enable-languages=c,c++ --enable-shared --enable-symvers=gnu --enable-__cxa_atexit --with-pkgversion='Sourcery G++ Lite 2008q3-72' --with-bugurl=https://support.codesourcery.com/GNUToolchain/ --disable-nls --prefix=/opt/codesourcery --with-sysroot=/opt/codesourcery/arm-none-linux-gnueabi/libc --with-build-sysroot=/scratch/julian/lite-respin/linux/install/arm-none-linux-gnueabi/libc --with-gmp=/scratch/julian/lite-respin/linux/obj/host-libs-2008q3-72-arm-none-linux-gnueabi-i686-pc-linux-gnu/usr --with-mpfr=/scratch/julian/lite-respin/linux/obj/host-libs-2008q3-72-arm-none-linux-gnueabi-i686-pc-linux-gnu/usr --disable-libgomp --enable-poison-system-directories --with-build-time-tools=/scratch/julian/lite-respin/linux/install/arm-none-linux-gnueabi/bin --with-build-time-tools=/scratch/julian/lite-respin/linux/install/arm-none-linux-gnueabi/bin
Thread model: posix
gcc version 4.3.2 (Sourcery G++ Lite 2008q3-72) 
configure:3939: $? = 0
configure:3946: arm-linux-g++ -V >&5
arm-linux-g++: '-V' option must have argument
configure:3950: $? = 1
configure:3953: checking whether we are using the GNU C++ compiler
configure:3982: arm-linux-g++ -c   conftest.cpp >&5
configure:3989: $? = 0
configure:4006: result: yes
configure:4015: checking whether arm-linux-g++ accepts -g
configure:4045: arm-linux-g++ -c -g  conftest.cpp >&5
configure:4052: $? = 0
configure:4153: result: yes
configure:4178: checking dependency style of arm-linux-g++
configure:4268: result: gcc3
configure:4290: checking how to run the C++ preprocessor
configure:4326: arm-linux-g++ -E  conftest.cpp
configure:4333: $? = 0
configure:4364: arm-linux-g++ -E  conftest.cpp
conftest.cpp:18:28: error: ac_nonexistent.h: No such file or directory
configure:4371: $? = 1
configure: failed program was:
| /* confdefs.h.  */
| #define PACKAGE_NAME "libchumbhttpd"
| #define PACKAGE_TARNAME "libchumbhttpd"
| #define PACKAGE_VERSION "0.1"
| #define PACKAGE_STRING "libchumbhttpd 0.1"
| #define PACKAGE_BUGREPORT ""
| #define _LIBCHUMBHTTPD_NAME		"libchumbyhttpd" 1
| #define _LIBCHUMBHTTPD_VERSION		"1.0.0" 1
| #define _LIBCHUMBHTTPD_FULLNAME		"libchumbyhttpd-" 1
| #define _LIBCHUMBHTTPD_MAJOR_VERSION	1 1
| #define _LIBCHUMBHTTPD_MINOR_VERSION	0 1
| #define _LIBCHUMBHTTPD_PATCH_VERSION	0 1
| #define _LIBCHUMBHTTPD_INTERFACE_AGE	0 1
| #define _LIBCHUMBHTTPD_BINARY_AGE		0 1
| #define PACKAGE "libchumbyhttpd"
| #define VERSION "1.0.0"
| /* end confdefs.h.  */
| #include <ac_nonexistent.h>
configure:4404: result: arm-linux-g++ -E
configure:4433: arm-linux-g++ -E  conftest.cpp
configure:4440: $? = 0
configure:4471: arm-linux-g++ -E  conftest.cpp
conftest.cpp:18:28: error: ac_nonexistent.h: No such file or directory
configure:4478: $? = 1
configure: failed program was:
| /* confdefs.h.  */
| #define PACKAGE_NAME "libchumbhttpd"
| #define PACKAGE_TARNAME "libchumbhttpd"
| #define PACKAGE_VERSION "0.1"
| #define PACKAGE_STRING "libchumbhttpd 0.1"
| #define PACKAGE_BUGREPORT ""
| #define _LIBCHUMBHTTPD_NAME		"libchumbyhttpd" 1
| #define _LIBCHUMBHTTPD_VERSION		"1.0.0" 1
| #define _LIBCHUMBHTTPD_FULLNAME		"libchumbyhttpd-" 1
| #define _LIBCHUMBHTTPD_MAJOR_VERSION	1 1
| #define _LIBCHUMBHTTPD_MINOR_VERSION	0 1
| #define _LIBCHUMBHTTPD_PATCH_VERSION	0 1
| #define _LIBCHUMBHTTPD_INTERFACE_AGE	0 1
| #define _LIBCHUMBHTTPD_BINARY_AGE		0 1
| #define PACKAGE "libchumbyhttpd"
| #define VERSION "1.0.0"
| /* end confdefs.h.  */
| #include <ac_nonexistent.h>
configure:4531: checking for a BSD-compatible install
configure:4599: result: /usr/bin/install -c
configure:4616: checking how to run the C preprocessor
configure:4656: arm-linux-gcc -E  conftest.c
configure:4663: $? = 0
configure:4694: arm-linux-gcc -E  conftest.c
conftest.c:18:28: error: ac_nonexistent.h: No such file or directory
configure:4701: $? = 1
configure: failed program was:
| /* confdefs.h.  */
| #define PACKAGE_NAME "libchumbhttpd"
| #define PACKAGE_TARNAME "libchumbhttpd"
| #define PACKAGE_VERSION "0.1"
| #define PACKAGE_STRING "libchumbhttpd 0.1"
| #define PACKAGE_BUGREPORT ""
| #define _LIBCHUMBHTTPD_NAME		"libchumbyhttpd" 1
| #define _LIBCHUMBHTTPD_VERSION		"1.0.0" 1
| #define _LIBCHUMBHTTPD_FULLNAME		"libchumbyhttpd-" 1
| #define _LIBCHUMBHTTPD_MAJOR_VERSION	1 1
| #define _LIBCHUMBHTTPD_MINOR_VERSION	0 1
| #define _LIBCHUMBHTTPD_PATCH_VERSION	0 1
| #define _LIBCHUMBHTTPD_INTERFACE_AGE	0 1
| #define _LIBCHUMBHTTPD_BINARY_AGE		0 1
| #define PACKAGE "libchumbyhttpd"
| #define VERSION "1.0.0"
| /* end confdefs.h.  */
| #include <ac_nonexistent.h>
configure:4734: result: arm-linux-gcc -E
configure:4763: arm-linux-gcc -E  conftest.c
configure:4770: $? = 0
configure:4801: arm-linux-gcc -E  conftest.c
conftest.c:18:28: error: ac_nonexistent.h: No such file or directory
configure:4808: $? = 1
configure: failed program was:
| /* confdefs.h.  */
| #define PACKAGE_NAME "libchumbhttpd"
| #define PACKAGE_TARNAME "libchumbhttpd"
| #define PACKAGE_VERSION "0.1"
| #define PACKAGE_STRING "libchumbhttpd 0.1"
| #define PACKAGE_BUGREPORT ""
| #define _LIBCHUMBHTTPD_NAME		"libchumbyhttpd" 1
| #define _LIBCHUMBHTTPD_VERSION		"1.0.0" 1
| #define _LIBCHUMBHTTPD_FULLNAME		"libchumbyhttpd-" 1
| #define _LIBCHUMBHTTPD_MAJOR_VERSION	1 1
| #define _LIBCHUMBHTTPD_MINOR_VERSION	0 1
| #define _LIBCHUMBHTTPD_PATCH_VERSION	0 1
| #define _LIBCHUMBHTTPD_INTERFACE_AGE	0 1
| #define _LIBCHUMBHTTPD_BINARY_AGE		0 1
| #define PACKAGE "libchumbyhttpd"
| #define VERSION "1.0.0"
| /* end confdefs.h.  */
| #include <ac_nonexistent.h>
configure:4848: checking for grep that handles long lines and -e
configure:4908: result: /bin/grep
configure:4913: checking for egrep
configure:4977: result: /bin/grep -E
configure:4982: checking for ANSI C header files
configure:5012: arm-linux-gcc -c -g -O2  conftest.c >&5
configure:5019: $? = 0
configure:5150: result: yes
configure:5174: checking for sys/types.h
configure:5195: arm-linux-gcc -c -g -O2  conftest.c >&5
configure:5202: $? = 0
configure:5219: result: yes
configure:5174: checking for sys/stat.h
configure:5195: arm-linux-gcc -c -g -O2  conftest.c >&5
configure:5202: $? = 0
configure:5219: result: yes
configure:5174: checking for stdlib.h
configure:5195: arm-linux-gcc -c -g -O2  conftest.c >&5
configure:5202: $? = 0
configure:5219: result: yes
configure:5174: checking for string.h
configure:5195: arm-linux-gcc -c -g -O2  conftest.c >&5
configure:5202: $? = 0
configure:5219: result: yes
configure:5174: checking for memory.h
configure:5195: arm-linux-gcc -c -g -O2  conftest.c >&5
configure:5202: $? = 0
configure:5219: result: yes
configure:5174: checking for strings.h
configure:5195: arm-linux-gcc -c -g -O2  conftest.c >&5
configure:5202: $? = 0
configure:5219: result: yes
configure:5174: checking for inttypes.h
configure:5195: arm-linux-gcc -c -g -O2  conftest.c >&5
configure:5202: $? = 0
configure:5219: result: yes
configure:5174: checking for stdint.h
configure:5195: arm-linux-gcc -c -g -O2  conftest.c >&5
configure:5202: $? = 0
configure:5219: result: yes
configure:5174: checking for unistd.h
configure:5195: arm-linux-gcc -c -g -O2  conftest.c >&5
configure:5202: $? = 0
configure:5219: result: yes
configure:5234: checking whether byte ordering is bigendian
configure:5259: arm-linux-gcc -c -g -O2  conftest.c >&5
conftest.c:29: error: expected '=', ',', ';', 'asm' or '__attribute__' before 'a'
configure:5266: $? = 1
configure: failed program was:
| /* confdefs.h.  */
| #define PACKAGE_NAME "libchumbhttpd"
| #define PACKAGE_TARNAME "libchumbhttpd"
| #define PACKAGE_VERSION "0.1"
| #define PACKAGE_STRING "libchumbhttpd 0.1"
| #define PACKAGE_BUGREPORT ""
| #define _LIBCHUMBHTTPD_NAME		"libchumbyhttpd" 1
| #define _LIBCHUMBHTTPD_VERSION		"1.0.0" 1
| #define _LIBCHUMBHTTPD_FULLNAME		"libchumbyhttpd-" 1
| #define _LIBCHUMBHTTPD_MAJOR_VERSION	1 1
| #define _LIBCHUMBHTTPD_MINOR_VERSION	0 1
| #define _LIBCHUMBHTTPD_PATCH_VERSION	0 1
| #define _LIBCHUMBHTTPD_INTERFACE_AGE	0 1
| #define _LIBCHUMBHTTPD_BINARY_AGE		0 1
| #define PACKAGE "libchumbyhttpd"
| #define VERSION "1.0.0"
| #define STDC_HEADERS 1
| #define HAVE_SYS_TYPES_H 1
| #define HAVE_SYS_STAT_H 1
| #define HAVE_STDLIB_H 1
| #define HAVE_STRING_H 1
| #define HAVE_MEMORY_H 1
| #define HAVE_STRINGS_H 1
| #define HAVE_INTTYPES_H 1
| #define HAVE_STDINT_H 1
| #define HAVE_UNISTD_H 1
| /* end confdefs.h.  */
| #ifndef __APPLE_CC__
| 	       not a universal capable compiler
| 	     #endif
| 	     typedef int dummy;
| 
configure:5316: arm-linux-gcc -c -g -O2  conftest.c >&5
configure:5323: $? = 0
configure:5355: arm-linux-gcc -c -g -O2  conftest.c >&5
conftest.c: In function 'main':
conftest.c:35: error: 'not' undeclared (first use in this function)
conftest.c:35: error: (Each undeclared identifier is reported only once
conftest.c:35: error: for each function it appears in.)
conftest.c:35: error: expected ';' before 'big'
configure:5362: $? = 1
configure: failed program was:
| /* confdefs.h.  */
| #define PACKAGE_NAME "libchumbhttpd"
| #define PACKAGE_TARNAME "libchumbhttpd"
| #define PACKAGE_VERSION "0.1"
| #define PACKAGE_STRING "libchumbhttpd 0.1"
| #define PACKAGE_BUGREPORT ""
| #define _LIBCHUMBHTTPD_NAME		"libchumbyhttpd" 1
| #define _LIBCHUMBHTTPD_VERSION		"1.0.0" 1
| #define _LIBCHUMBHTTPD_FULLNAME		"libchumbyhttpd-" 1
| #define _LIBCHUMBHTTPD_MAJOR_VERSION	1 1
| #define _LIBCHUMBHTTPD_MINOR_VERSION	0 1
| #define _LIBCHUMBHTTPD_PATCH_VERSION	0 1
| #define _LIBCHUMBHTTPD_INTERFACE_AGE	0 1
| #define _LIBCHUMBHTTPD_BINARY_AGE		0 1
| #define PACKAGE "libchumbyhttpd"
| #define VERSION "1.0.0"
| #define STDC_HEADERS 1
| #define HAVE_SYS_TYPES_H 1
| #define HAVE_SYS_STAT_H 1
| #define HAVE_STDLIB_H 1
| #define HAVE_STRING_H 1
| #define HAVE_MEMORY_H 1
| #define HAVE_STRINGS_H 1
| #define HAVE_INTTYPES_H 1
| #define HAVE_STDINT_H 1
| #define HAVE_UNISTD_H 1
| /* end confdefs.h.  */
| #include <sys/types.h>
| 		#include <sys/param.h>
| 
| int
| main ()
| {
| #if BYTE_ORDER != BIG_ENDIAN
| 		 not big endian
| 		#endif
| 
|   ;
|   return 0;
| }
configure:5614: result: no
configure:5640: checking for ANSI C header files
configure:5808: result: yes
configure:5823: checking for sys/stat.h
configure:5830: result: yes
configure:6004: checking for a sed that does not truncate output
configure:6070: result: /bin/sed
configure:6088: checking for fgrep
configure:6152: result: /bin/grep -F
configure:6187: checking for ld used by arm-linux-gcc
configure:6254: result: /usr/arm-2008q3/arm-none-linux-gnueabi/bin/ld
configure:6263: checking if the linker (/usr/arm-2008q3/arm-none-linux-gnueabi/bin/ld) is GNU ld
configure:6278: result: yes
configure:6290: checking for BSD- or MS-compatible name lister (nm)
configure:6339: result: /usr/bin/arm-linux-nm -B
configure:6457: checking the name lister (/usr/bin/arm-linux-nm -B) interface
configure:6464: arm-linux-gcc -c -g -O2  conftest.c >&5
configure:6467: /usr/bin/arm-linux-nm -B "conftest.o"
configure:6470: output
00000000 B some_variable
configure:6477: result: BSD nm
configure:6480: checking whether ln -s works
configure:6484: result: yes
configure:6492: checking the maximum length of command line arguments
configure:6612: result: 1572864
configure:6629: checking whether the shell understands some XSI constructs
configure:6639: result: yes
configure:6643: checking whether the shell understands "+="
configure:6649: result: yes
configure:6684: checking for /usr/arm-2008q3/arm-none-linux-gnueabi/bin/ld option to reload object files
configure:6691: result: -r
configure:6720: checking for arm-linux-objdump
configure:6736: found /usr/bin/arm-linux-objdump
configure:6747: result: arm-linux-objdump
configure:6819: checking how to recognize dependent libraries
configure:7015: result: pass_all
configure:7035: checking for arm-linux-ar
configure:7051: found /usr/bin/arm-linux-ar
configure:7062: result: arm-linux-ar
configure:7140: checking for arm-linux-strip
configure:7167: result: arm-linux-strip
configure:7239: checking for arm-linux-ranlib
configure:7255: found /usr/bin/arm-linux-ranlib
configure:7266: result: arm-linux-ranlib
configure:7396: checking command to parse /usr/bin/arm-linux-nm -B output from arm-linux-gcc object
configure:7514: arm-linux-gcc -c -g -O2  conftest.c >&5
configure:7517: $? = 0
configure:7521: /usr/bin/arm-linux-nm -B conftest.o \| sed -n -e 's/^.*[	 ]\([ABCDGIRSTW][ABCDGIRSTW]*\)[	 ][	 ]*\([_A-Za-z][_A-Za-z0-9]*\)$/\1 \2 \2/p' \> conftest.nm
configure:7524: $? = 0
configure:7578: arm-linux-gcc -o conftest -g -O2   conftest.c conftstm.o >&5
configure:7581: $? = 0
configure:7619: result: ok
configure:8484: checking for dlfcn.h
configure:8505: arm-linux-gcc -c -g -O2  conftest.c >&5
configure:8512: $? = 0
configure:8529: result: yes
configure:8656: checking for C++ compiler version
configure:8664: arm-linux-g++ --version >&5
arm-linux-g++ (Sourcery G++ Lite 2008q3-72) 4.3.2
Copyright (C) 2008 Free Software Foundation, Inc.
This is free software; see the source for copying conditions.  There is NO
warranty; not even for MERCHANTABILITY or FITNESS FOR A PARTICULAR PURPOSE.

configure:8668: $? = 0
configure:8675: arm-linux-g++ -v >&5
Using built-in specs.
Target: arm-none-linux-gnueabi
Configured with: /scratch/julian/lite-respin/linux/src/gcc-4.3/configure --build=i686-pc-linux-gnu --host=i686-pc-linux-gnu --target=arm-none-linux-gnueabi --enable-threads --disable-libmudflap --disable-libssp --disable-libstdcxx-pch --with-gnu-as --with-gnu-ld --enable-languages=c,c++ --enable-shared --enable-symvers=gnu --enable-__cxa_atexit --with-pkgversion='Sourcery G++ Lite 2008q3-72' --with-bugurl=https://support.codesourcery.com/GNUToolchain/ --disable-nls --prefix=/opt/codesourcery --with-sysroot=/opt/codesourcery/arm-none-linux-gnueabi/libc --with-build-sysroot=/scratch/julian/lite-respin/linux/install/arm-none-linux-gnueabi/libc --with-gmp=/scratch/julian/lite-respin/linux/obj/host-libs-2008q3-72-arm-none-linux-gnueabi-i686-pc-linux-gnu/usr --with-mpfr=/scratch/julian/lite-respin/linux/obj/host-libs-2008q3-72-arm-none-linux-gnueabi-i686-pc-linux-gnu/usr --disable-libgomp --enable-poison-system-directories --with-build-time-tools=/scratch/julian/lite-respin/linux/install/arm-none-linux-gnueabi/bin --with-build-time-tools=/scratch/julian/lite-respin/linux/install/arm-none-linux-gnueabi/bin
Thread model: posix
gcc version 4.3.2 (Sourcery G++ Lite 2008q3-72) 
configure:8679: $? = 0
configure:8686: arm-linux-g++ -V >&5
arm-linux-g++: '-V' option must have argument
configure:8690: $? = 1
configure:8693: checking whether we are using the GNU C++ compiler
configure:8746: result: yes
configure:8755: checking whether arm-linux-g++ accepts -g
configure:8893: result: yes
configure:8918: checking dependency style of arm-linux-g++
configure:9008: result: gcc3
configure:9033: checking how to run the C++ preprocessor
configure:9147: result: arm-linux-g++ -E
configure:9176: arm-linux-g++ -E  conftest.cpp
configure:9183: $? = 0
configure:9214: arm-linux-g++ -E  conftest.cpp
conftest.cpp:31:28: error: ac_nonexistent.h: No such file or directory
configure:9221: $? = 1
configure: failed program was:
| /* confdefs.h.  */
| #define PACKAGE_NAME "libchumbhttpd"
| #define PACKAGE_TARNAME "libchumbhttpd"
| #define PACKAGE_VERSION "0.1"
| #define PACKAGE_STRING "libchumbhttpd 0.1"
| #define PACKAGE_BUGREPORT ""
| #define _LIBCHUMBHTTPD_NAME		"libchumbyhttpd" 1
| #define _LIBCHUMBHTTPD_VERSION		"1.0.0" 1
| #define _LIBCHUMBHTTPD_FULLNAME		"libchumbyhttpd-" 1
| #define _LIBCHUMBHTTPD_MAJOR_VERSION	1 1
| #define _LIBCHUMBHTTPD_MINOR_VERSION	0 1
| #define _LIBCHUMBHTTPD_PATCH_VERSION	0 1
| #define _LIBCHUMBHTTPD_INTERFACE_AGE	0 1
| #define _LIBCHUMBHTTPD_BINARY_AGE		0 1
| #define PACKAGE "libchumbyhttpd"
| #define VERSION "1.0.0"
| #define STDC_HEADERS 1
| #define HAVE_SYS_TYPES_H 1
| #define HAVE_SYS_STAT_H 1
| #define HAVE_STDLIB_H 1
| #define HAVE_STRING_H 1
| #define HAVE_MEMORY_H 1
| #define HAVE_STRINGS_H 1
| #define HAVE_INTTYPES_H 1
| #define HAVE_STDINT_H 1
| #define HAVE_UNISTD_H 1
| #define STDC_HEADERS 1
| #define HAVE_SYS_STAT_H 1
| #define HAVE_DLFCN_H 1
| /* end confdefs.h.  */
| #include <ac_nonexistent.h>
configure:9435: checking for objdir
configure:9450: result: .libs
configure:9742: checking if arm-linux-gcc supports -fno-rtti -fno-exceptions
configure:9760: arm-linux-gcc -c -g -O2  -fno-rtti -fno-exceptions conftest.c >&5
cc1: warning: command line option "-fno-rtti" is valid for C++/ObjC++ but not for C
configure:9764: $? = 0
configure:9777: result: no
configure:9797: checking for arm-linux-gcc option to produce PIC
configure:10069: result: -fPIC -DPIC
configure:10081: checking if arm-linux-gcc PIC flag -fPIC -DPIC works
configure:10099: arm-linux-gcc -c -g -O2  -fPIC -DPIC -DPIC conftest.c >&5
configure:10103: $? = 0
configure:10116: result: yes
configure:10140: checking if arm-linux-gcc static flag -static works
configure:10168: result: yes
configure:10183: checking if arm-linux-gcc supports -c -o file.o
configure:10204: arm-linux-gcc -c -g -O2  -o out/conftest2.o conftest.c >&5
configure:10208: $? = 0
configure:10230: result: yes
configure:10238: checking if arm-linux-gcc supports -c -o file.o
configure:10285: result: yes
configure:10318: checking whether the arm-linux-gcc linker (/usr/arm-2008q3/arm-none-linux-gnueabi/bin/ld) supports shared libraries
configure:11393: result: yes
configure:11430: checking whether -lc should be explicitly linked in
configure:11435: arm-linux-gcc -c -g -O2  conftest.c >&5
configure:11438: $? = 0
configure:11453: arm-linux-gcc -shared conftest.o  -v -Wl,-soname -Wl,conftest -o conftest 2\>\&1 \| /bin/grep  -lc  \>/dev/null 2\>\&1
configure:11456: $? = 0
configure:11468: result: no
configure:11632: checking dynamic linker characteristics
configure:12075: arm-linux-gcc -o conftest -g -O2   -Wl,-rpath -Wl,/foo conftest.c  >&5
configure:12082: $? = 0
configure:12327: result: GNU/Linux ld.so
configure:12429: checking how to hardcode library paths into programs
configure:12454: result: immediate
configure:13287: checking whether stripping libraries is possible
configure:13292: result: yes
configure:13327: checking if libtool supports shared libraries
configure:13329: result: yes
configure:13332: checking whether to build shared libraries
configure:13353: result: yes
configure:13356: checking whether to build static libraries
configure:13360: result: yes
configure:13510: checking for ld used by arm-linux-g++
configure:13577: result: /usr/arm-2008q3/arm-none-linux-gnueabi/bin/ld
configure:13586: checking if the linker (/usr/arm-2008q3/arm-none-linux-gnueabi/bin/ld) is GNU ld
configure:13601: result: yes
configure:13656: checking whether the arm-linux-g++ linker (/usr/arm-2008q3/arm-none-linux-gnueabi/bin/ld) supports shared libraries
configure:14631: result: yes
configure:14659: arm-linux-g++ -c -g -O2  conftest.cpp >&5
configure:14662: $? = 0
configure:14844: checking for arm-linux-g++ option to produce PIC
configure:15161: result: -fPIC -DPIC
configure:15170: checking if arm-linux-g++ PIC flag -fPIC -DPIC works
configure:15188: arm-linux-g++ -c -g -O2  -fPIC -DPIC -DPIC conftest.cpp >&5
configure:15192: $? = 0
configure:15205: result: yes
configure:15226: checking if arm-linux-g++ static flag -static works
configure:15254: result: yes
configure:15266: checking if arm-linux-g++ supports -c -o file.o
configure:15287: arm-linux-g++ -c -g -O2  -o out/conftest2.o conftest.cpp >&5
configure:15291: $? = 0
configure:15313: result: yes
configure:15318: checking if arm-linux-g++ supports -c -o file.o
configure:15365: result: yes
configure:15395: checking whether the arm-linux-g++ linker (/usr/arm-2008q3/arm-none-linux-gnueabi/bin/ld) supports shared libraries
configure:15424: result: yes
configure:15561: checking dynamic linker characteristics
configure:15952: arm-linux-g++ -o conftest -g -O2   -Wl,-rpath -Wl,/foo conftest.cpp  >&5
configure:15959: $? = 0
configure:16204: result: GNU/Linux ld.so
configure:16255: checking how to hardcode library paths into programs
configure:16280: result: immediate
configure:16479: creating ./config.status

## ---------------------- ##
## Running config.status. ##
## ---------------------- ##

This file was extended by libchumbhttpd config.status 0.1, which was
generated by GNU Autoconf 2.63.  Invocation command line was

  CONFIG_FILES    = 
  CONFIG_HEADERS  = 
  CONFIG_LINKS    = 
  CONFIG_COMMANDS = 
  $ ./config.status 

on zorglub21

config.status:1070: creating Makefile
config.status:1070: creating src/Makefile
config.status:1070: creating include/Makefile
config.status:1070: creating include/chumby_httpd/Makefile
config.status:1070: creating examples/Makefile
config.status:1070: creating config.h
config.status:1286: config.h is unchanged
config.status:1337: executing depfiles commands
config.status:1337: executing libtool commands

## ---------------- ##
## Cache variables. ##
## ---------------- ##

ac_cv_build=i686-pc-linux-gnu
ac_cv_c_bigendian=no
ac_cv_c_compiler_gnu=yes
ac_cv_cxx_compiler_gnu=yes
ac_cv_env_CCC_set=
ac_cv_env_CCC_value=
ac_cv_env_CC_set=
ac_cv_env_CC_value=
ac_cv_env_CFLAGS_set=
ac_cv_env_CFLAGS_value=
ac_cv_env_CPPFLAGS_set=
ac_cv_env_CPPFLAGS_value=
ac_cv_env_CPP_set=
ac_cv_env_CPP_value=
ac_cv_env_CXXCPP_set=
ac_cv_env_CXXCPP_value=
ac_cv_env_CXXFLAGS_set=
ac_cv_env_CXXFLAGS_value=
ac_cv_env_CXX_set=
ac_cv_env_CXX_value=
ac_cv_env_LDFLAGS_set=
ac_cv_env_LDFLAGS_value=
ac_cv_env_LIBS_set=
ac_cv_env_LIBS_value=
ac_cv_env_build_alias_set=
ac_cv_env_build_alias_value=
ac_cv_env_host_alias_set=set
ac_cv_env_host_alias_value=arm-linux
ac_cv_env_target_alias_set=
ac_cv_env_target_alias_value=
ac_cv_header_dlfcn_h=yes
ac_cv_header_inttypes_h=yes
ac_cv_header_memory_h=yes
ac_cv_header_stdc=yes
ac_cv_header_stdint_h=yes
ac_cv_header_stdlib_h=yes
ac_cv_header_string_h=yes
ac_cv_header_strings_h=yes
ac_cv_header_sys_stat_h=yes
ac_cv_header_sys_types_h=yes
ac_cv_header_unistd_h=yes
ac_cv_host=arm-unknown-linux-gnu
ac_cv_objext=o
ac_cv_path_EGREP='/bin/grep -E'
ac_cv_path_FGREP='/bin/grep -F'
ac_cv_path_GREP=/bin/grep
ac_cv_path_SED=/bin/sed
ac_cv_path_install='/usr/bin/install -c'
ac_cv_prog_AR=arm-linux-ar
ac_cv_prog_AWK=gawk
ac_cv_prog_CC=arm-linux-gcc
ac_cv_prog_CPP='arm-linux-gcc -E'
ac_cv_prog_CXX=arm-linux-g++
ac_cv_prog_CXXCPP='arm-linux-g++ -E'
ac_cv_prog_OBJDUMP=arm-linux-objdump
ac_cv_prog_RANLIB=arm-linux-ranlib
ac_cv_prog_STRIP=arm-linux-strip
ac_cv_prog_cc_c89=
ac_cv_prog_cc_g=yes
ac_cv_prog_cxx_g=yes
ac_cv_prog_make_make_set=yes
am_cv_CC_dependencies_compiler_type=gcc3
am_cv_CXX_dependencies_compiler_type=gcc3
lt_cv_deplibs_check_method=pass_all
lt_cv_file_magic_cmd='$MAGIC_CMD'
lt_cv_file_magic_test_file=
lt_cv_ld_reload_flag=-r
lt_cv_nm_interface='BSD nm'
lt_cv_objdir=.libs
lt_cv_path_LD=/usr/arm-2008q3/arm-none-linux-gnueabi/bin/ld
lt_cv_path_LDCXX=/usr/arm-2008q3/arm-none-linux-gnueabi/bin/ld
lt_cv_path_NM='/usr/bin/arm-linux-nm -B'
lt_cv_prog_compiler_c_o=yes
lt_cv_prog_compiler_c_o_CXX=yes
lt_cv_prog_compiler_pic_works=yes
lt_cv_prog_compiler_pic_works_CXX=yes
lt_cv_prog_compiler_rtti_exceptions=no
lt_cv_prog_compiler_static_works=yes
lt_cv_prog_compiler_static_works_CXX=yes
lt_cv_prog_gnu_ld=yes
lt_cv_prog_gnu_ldcxx=yes
lt_cv_sys_global_symbol_pipe='sed -n -e '\''s/^.*[	 ]\([ABCDGIRSTW][ABCDGIRSTW]*\)[	 ][	 ]*\([_A-Za-z][_A-Za-z0-9]*\)$/\1 \2 \2/p'\'''
lt_cv_sys_global_symbol_to_c_name_address='sed -n -e '\''s/^: \([^ ]*\) $/  {\"\1\", (void *) 0},/p'\'' -e '\''s/^[ABCDGIRSTW]* \([^ ]*\) \([^ ]*\)$/  {"\2", (void *) \&\2},/p'\'''
lt_cv_sys_global_symbol_to_c_name_address_lib_prefix='sed -n -e '\''s/^: \([^ ]*\) $/  {\"\1\", (void *) 0},/p'\'' -e '\''s/^[ABCDGIRSTW]* \([^ ]*\) \(lib[^ ]*\)$/  {"\2", (void *) \&\2},/p'\'' -e '\''s/^[ABCDGIRSTW]* \([^ ]*\) \([^ ]*\)$/  {"lib\2", (void *) \&\2},/p'\'''
lt_cv_sys_global_symbol_to_cdecl='sed -n -e '\''s/^T .* \(.*\)$/extern int \1();/p'\'' -e '\''s/^[ABCDGIRSTW]* .* \(.*\)$/extern char \1;/p'\'''
lt_cv_sys_max_cmd_len=1572864

## ----------------- ##
## Output variables. ##
## ----------------- ##

ACLOCAL='aclocal-1.9'
AMDEPBACKSLASH='\'
AMDEP_FALSE='#'
AMDEP_TRUE=''
AMTAR='tar'
AR='arm-linux-ar'
AUTOCONF='autoconf'
AUTOHEADER='autoheader'
AUTOMAKE='automake-1.9'
AWK='gawk'
CC='arm-linux-gcc'
CCDEPMODE='depmode=gcc3'
CFLAGS='-g -O2'
CPP='arm-linux-gcc -E'
CPPFLAGS=''
CXX='arm-linux-g++'
CXXCPP='arm-linux-g++ -E'
CXXDEPMODE='depmode=gcc3'
CXXFLAGS='-g -O2'
CYGPATH_W='echo'
DEFS='-DHAVE_CONFIG_H'
DEPDIR='.deps'
DSYMUTIL=''
DUMPBIN=''
ECHO_C=''
ECHO_N='-n'
ECHO_T=''
EGREP='/bin/grep -E'
EXEEXT=''
FGREP='/bin/grep -F'
GREP='/bin/grep'
INSTALL_DATA='${INSTALL} -m 644'
INSTALL_PROGRAM='${INSTALL}'
INSTALL_SCRIPT='${INSTALL}'
INSTALL_STRIP_PROGRAM='${SHELL} $(install_sh) -c -s'
LD='/usr/arm-2008q3/arm-none-linux-gnueabi/bin/ld'
LDFLAGS=''
LIBCHUMBHTTPD_BINARY_AGE='0'
LIBCHUMBHTTPD_FULLNAME='libchumbyhttpd-'
LIBCHUMBHTTPD_INTERFACE_AGE='0'
LIBCHUMBHTTPD_MAJOR_VERSION='1'
LIBCHUMBHTTPD_MINOR_VERSION='0'
LIBCHUMBHTTPD_NAME='libchumbyhttpd'
LIBCHUMBHTTPD_PATCH_VERSION='0'
LIBCHUMBHTTPD_VERSION='1.0.0'
LIBOBJS=''
LIBS=''
LIBTOOL='$(SHELL) $(top_builddir)/libtool'
LIBTOOL_DEPS='./ltmain.sh'
LIPO=''
LN_S='ln -s'
LTLIBOBJS=''
LT_AGE='0'
LT_CURRENT='0'
LT_RELEASE='1.0'
LT_REVISION='0'
MAINT='#'
MAINTAINER_MODE_FALSE=''
MAINTAINER_MODE_TRUE='#'
MAKEINFO='makeinfo'
NM='/usr/bin/arm-linux-nm -B'
NMEDIT=''
OBJDUMP='arm-linux-objdump'
OBJEXT='o'
OTOOL64=''
OTOOL=''
PACKAGE='libchumbyhttpd'
PACKAGE_BUGREPORT=''
PACKAGE_NAME='libchumbhttpd'
PACKAGE_STRING='libchumbhttpd 0.1'
PACKAGE_TARNAME='libchumbhttpd'
PACKAGE_VERSION='0.1'
PATH_SEPARATOR=':'
RANLIB='arm-linux-ranlib'
SED='/bin/sed'
SET_MAKE=''
SHELL='/bin/bash'
STRIP='arm-linux-strip'
VERSION='1.0.0'
ac_ct_CC=''
ac_ct_CXX=''
ac_ct_DUMPBIN=''
am__fastdepCC_FALSE='#'
am__fastdepCC_TRUE=''
am__fastdepCXX_FALSE='#'
am__fastdepCXX_TRUE=''
am__include='include'
am__leading_dot='.'
am__quote=''
am__tar='${AMTAR} chof - "$$tardir"'
am__untar='${AMTAR} xf -'
bindir='${exec_prefix}/bin'
build='i686-pc-linux-gnu'
build_alias=''
build_cpu='i686'
build_os='linux-gnu'
build_vendor='pc'
datadir='${datarootdir}'
datarootdir='${prefix}/share'
docdir='${datarootdir}/doc/${PACKAGE_TARNAME}'
dvidir='${docdir}'
exec_prefix='${prefix}'
host='arm-unknown-linux-gnu'
host_alias='arm-linux'
host_cpu='arm'
host_os='linux-gnu'
host_vendor='unknown'
htmldir='${docdir}'
includedir='${prefix}/include'
infodir='${datarootdir}/info'
install_sh='/home/mc/Chumby/chumbhttpd/install-sh'
libdir='${exec_prefix}/lib'
libexecdir='${exec_prefix}/libexec'
localedir='${datarootdir}/locale'
localstatedir='${prefix}/var'
lt_ECHO='echo'
mandir='${datarootdir}/man'
mkdir_p='mkdir -p --'
oldincludedir='/usr/include'
pdfdir='${docdir}'
prefix='/home/mc/crad'
program_transform_name='s,x,x,'
psdir='${docdir}'
sbindir='${exec_prefix}/sbin'
sharedstatedir='${prefix}/com'
sysconfdir='${prefix}/etc'
target_alias=''

## ----------- ##
## confdefs.h. ##
## ----------- ##

#define PACKAGE_NAME "libchumbhttpd"
#define PACKAGE_TARNAME "libchumbhttpd"
#define PACKAGE_VERSION "0.1"
#define PACKAGE_STRING "libchumbhttpd 0.1"
#define PACKAGE_BUGREPORT ""
#define _LIBCHUMBHTTPD_NAME		"libchumbyhttpd" 1
#define _LIBCHUMBHTTPD_VERSION		"1.0.0" 1
#define _LIBCHUMBHTTPD_FULLNAME		"libchumbyhttpd-" 1
#define _LIBCHUMBHTTPD_MAJOR_VERSION	1 1
#define _LIBCHUMBHTTPD_MINOR_VERSION	0 1
#define _LIBCHUMBHTTPD_PATCH_VERSION	0 1
#define _LIBCHUMBHTTPD_INTERFACE_AGE	0 1
#define _LIBCHUMBHTTPD_BINARY_AGE		0 1
#define PACKAGE "libchumbyhttpd"
#define VERSION "1.0.0"
#define STDC_HEADERS 1
#define HAVE_SYS_TYPES_H 1
#define HAVE_SYS_STAT_H 1
#define HAVE_STDLIB_H 1
#define HAVE_STRING_H 1
#define HAVE_MEMORY_H 1
#define HAVE_STRINGS_H 1
#define HAVE_INTTYPES_H 1
#define HAVE_STDINT_H 1
#define HAVE_UNISTD_H 1
#define STDC_HEADERS 1
#define HAVE_SYS_STAT_H 1
#define HAVE_DLFCN_H 1
#define LT_OBJDIR ".libs/"

configure: exit 0
